        -:    0:Source:C:/Users/yarov/CLionProjects/GoogleTest/tests.cpp
        -:    0:Graph:C:\Users\yarov\CLionProjects\GoogleTest\cmake-build-debug-coverage\CMakeFiles\Google_Tests_run.dir\tests.cpp.gcno
        -:    0:Data:C:\Users\yarov\CLionProjects\GoogleTest\cmake-build-debug-coverage\CMakeFiles\Google_Tests_run.dir\tests.cpp.gcda
        -:    0:Runs:1
        -:    0:Programs:1
        -:    1:#include "gtest/gtest.h"
        -:    2:#include "func.h"
        -:    3:
        4:    4:TEST(foo, t1) {
       1*:    5:    ASSERT_EQ(foo(2, 1), 1);
        -:    6:}
------------------
_ZN11foo_t1_TestC1Ev:
function _ZN11foo_t1_TestC1Ev called 1 returned 100% blocks executed 100%
        1:    4:TEST(foo, t1) {
        1:    4-block  0
call    0 returned 1
------------------
_ZN11foo_t1_TestD0Ev:
function _ZN11foo_t1_TestD0Ev called 1 returned 100% blocks executed 100%
        1:    4:TEST(foo, t1) {
        1:    4-block  0
call    0 returned 1
call    1 returned 1
------------------
_ZN11foo_t1_TestD1Ev:
function _ZN11foo_t1_TestD1Ev called 1 returned 100% blocks executed 100%
        1:    4:TEST(foo, t1) {
        1:    4-block  0
call    0 returned 1
------------------
_ZN11foo_t1_Test8TestBodyEv:
function _ZN11foo_t1_Test8TestBodyEv called 1 returned 100% blocks executed 33%
        1:    4:TEST(foo, t1) {
       1*:    5:    ASSERT_EQ(foo(2, 1), 1);
        1:    5-block  0
call    0 returned 1
branch  1 taken 1 (fallthrough)
branch  2 taken 0 (throw)
        1:    5-block  1
call    3 returned 1
branch  4 taken 1 (fallthrough)
branch  5 taken 0 (throw)
        1:    5-block  2
call    6 returned 1
branch  7 taken 0 (fallthrough)
branch  8 taken 1
    %%%%%:    5-block  3
call    9 never executed
branch 10 never executed
branch 11 never executed
    %%%%%:    5-block  4
call   12 never executed
call   13 never executed
branch 14 never executed
branch 15 never executed
    %%%%%:    5-block  5
call   16 never executed
branch 17 never executed
branch 18 never executed
    %%%%%:    5-block  6
call   19 never executed
call   20 never executed
    $$$$$:    5-block  7
    $$$$$:    5-block  8
    $$$$$:    5-block  9
call   21 never executed
    $$$$$:    5-block 10
    $$$$$:    5-block 11
call   22 never executed
    $$$$$:    5-block 12
    $$$$$:    5-block 13
call   23 never executed
        -:    6:}
------------------
        -:    7:
        4:    8:TEST(foo, test2) {
       1*:    9:    ASSERT_EQ(foo(3,1), 2);
        -:   10:}
