        -:    0:Source:C:/Users/yarov/CLionProjects/GoogleTest/func.cpp
        -:    0:Graph:C:\Users\yarov\CLionProjects\GoogleTest\cmake-build-debug-coverage\CMakeFiles\Google_Tests_run.dir\func.cpp.gcno
        -:    0:Data:C:\Users\yarov\CLionProjects\GoogleTest\cmake-build-debug-coverage\CMakeFiles\Google_Tests_run.dir\func.cpp.gcda
        -:    0:Runs:1
        -:    0:Programs:1
        -:    1://
        -:    2:// Created by yarov on 02.11.2021.
        -:    3://
        -:    4:
        -:    5:#include "func.h"
        -:    6:
function _Z3fooii called 2 returned 100% blocks executed 75%
        2:    7:int foo(int a, int b) {
        2:    8:    if (a > b)
        2:    8-block  0
branch  0 taken 2 (fallthrough)
branch  1 taken 0
        2:    9:        return a - b;
        2:    9-block  0
        -:   10:    else
    #####:   11:        return b - a;
    %%%%%:   11-block  0
        -:   12:}
